INFO:  latexindent.pl version 3.23.6, 2024-01-17, a script to indent .tex files
       latexindent.pl lives here: /home/tanh/.miktex/texmfs/install/scripts/latexindent/
       Thu Mar 14 23:19:12 2024
       Filename: /home/tanh/code/kltn/report/overview/__latexindent_temp_title.tex
INFO:  Processing switches:
       -y|--yaml: YAML settings specified via command line
       -c|--cruft: cruft directory
INFO:  Directory for backup files and /home/tanh/code/kltn/report//indent.log:
       /home/tanh/code/kltn/report/
INFO:  Perl modules are being loaded from the following directories:
       /usr/share/perl/5.30/FindBin.pm
       /usr/share/perl5/YAML/Tiny.pm
       /usr/share/perl/5.30/File/Copy.pm
       /usr/share/perl/5.30/File/Basename.pm
       /usr/share/perl/5.30/Getopt/Long.pm
       /usr/share/perl5/File/HomeDir.pm
INFO:  LatexIndent perl modules are being loaded from, for example:
       /home/tanh/.miktex/texmfs/install/scripts/latexindent/LatexIndent/Document.pm
INFO:  YAML settings read: defaultSettings.yaml
       Reading defaultSettings.yaml from /home/tanh/.miktex/texmfs/install/scripts/latexindent/defaultSettings.yaml
INFO:  YAML reading settings
       Home directory is /home/tanh
       latexindent.pl didn't find indentconfig.yaml or .indentconfig.yaml
       see all possible locations: https://latexindentpl.readthedocs.io/en/latest/sec-appendices.html#indentconfig-options)
INFO:  YAML settings read: -y switch
       YAML setting: defaultIndent:'\t'
       single-quoted string found in -y switch: '\t', substitute to 	
       Updating mainSettings with defaultIndent: 	
INFO:  Phase 1: searching for objects
INFO:  Phase 2: finding surrounding indentation
INFO:  Phase 3: indenting objects
INFO:  Phase 4: final indentation check
INFO:  Output routine:
       Not outputting to file; see -w and -o switches for more options.
       --------------
INFO:  Please direct all communication/issues to:
        https://github.com/cmhughes/latexindent.pl
