\BOOKMARK [0][-]{chapter*.1}{\376\377\000A\000B\000S\000T\000R\000A\000C\000T}{}% 1
\BOOKMARK [0][-]{chapter*.2}{\376\377\000A\000C\000K\000N\000O\000W\000L\000E\000D\000G\000E\000M\000E\000N\000T}{}% 2
\BOOKMARK [0][-]{chapter*.3}{\376\377\000A\000U\000T\000H\000O\000R\000S\000H\000I\000P}{}% 3
\BOOKMARK [0][-]{chapter*.4}{\376\377\000S\000U\000P\000E\000R\000V\000I\000S\000O\000R\040\031\000S\000\040\000A\000P\000P\000R\000O\000V\000A\000L}{}% 4
\BOOKMARK [0][-]{chapter.1}{\376\377\000I\000n\000t\000r\000o\000d\000u\000c\000t\000i\000o\000n}{}% 5
\BOOKMARK [1][-]{section.1.1}{\376\377\000I\000t\000e\000m\000s\000e\000t\000\040\000m\000i\000n\000i\000n\000g\000\040\000t\000a\000s\000k\000s}{chapter.1}% 6
\BOOKMARK [1][-]{section.1.2}{\376\377\000S\000A\000T\000\040\000E\000n\000c\000o\000d\000i\000n\000g}{chapter.1}% 7
\BOOKMARK [2][-]{subsection.1.2.1}{\376\377\000C\000o\000n\000c\000e\000p\000t}{section.1.2}% 8
\BOOKMARK [2][-]{subsection.1.2.2}{\376\377\000S\000A\000T\000\040\000S\000o\000l\000v\000e\000r}{section.1.2}% 9
\BOOKMARK [2][-]{subsection.1.2.3}{\376\377\000S\000A\000T\000\040\000E\000n\000c\000o\000d\000i\000n\000g}{section.1.2}% 10
\BOOKMARK [2][-]{subsection.1.2.4}{\376\377\000A\000p\000p\000l\000i\000c\000a\000t\000i\000o\000n}{section.1.2}% 11
\BOOKMARK [0][-]{chapter.2}{\376\377\000C\000N\000F\000\040\000E\000n\000c\000o\000d\000i\000n\000g\000\040\000o\000p\000t\000i\000m\000i\000z\000a\000t\000i\000o\000n\000\040\000m\000e\000t\000h\000o\000d\000s}{}% 12
\BOOKMARK [1][-]{section.2.1}{\376\377\000P\000r\000o\000p\000o\000s\000i\000t\000i\000o\000n\000a\000l\000\040\000E\000x\000p\000r\000e\000s\000s\000i\000o\000n}{chapter.2}% 13
\BOOKMARK [1][-]{section.2.2}{\376\377\000S\000t\000a\000n\000d\000a\000r\000d}{chapter.2}% 14
\BOOKMARK [0][-]{chapter.3}{\376\377\000S\000e\000q\000u\000e\000n\000t\000i\000a\000l\000\040\000E\000n\000c\000o\000u\000n\000t\000e\000r\000\040\000E\000n\000c\000o\000d\000i\000n\000g\000\040\000f\000o\000r\000\040\000I\000t\000e\000m\000s\000e\000t\000\040\000M\000i\000n\000i\000n\000g\000\040\000T\000a\000s\000k\000s}{}% 15
\BOOKMARK [1][-]{section.3.1}{\376\377\000K\036\371\000\040\000t\000h\000u\036\255\000t\000\040\000h\000\354\000n\000h\000\040\000t\000h\000\340\000n\000h\000\040\000v\000\340\000\040\000d\000u\000y\000\040\000t\000r\000\354\000\040\001\021\036\331\000i\000\040\000h\000\354\000n\000h\000\040\001\021\000a\000\040\000r\000o\000b\000o\000t\000,\000\040\000c\036\245\000u\000\040\000t\000r\000\372\000c\000\040\000c\000h\036\357\000\040\000V}{chapter.3}% 16
\BOOKMARK [2][-]{subsection.3.1.1}{\376\377\000M\000\364\000\040\000h\000\354\000n\000h\000\040\000L\000e\000a\000d\000e\000r\000-\000F\000o\000l\000l\000o\000w\000e\000r}{section.3.1}% 17
\BOOKMARK [2][-]{subsection.3.1.2}{\376\377\001\020\036\331\000i\000\040\000h\000\354\000n\000h\000\040\000c\000h\036\357\000\040\000V}{section.3.1}% 18
\BOOKMARK [2][-]{subsection.3.1.3}{\376\377\000M\000\364\000\040\000h\000\354\000n\000h\000\040\001\021\000i\036\301\000u\000\040\000k\000h\000i\036\303\000n\000\040\000h\000\340\000n\000h\000\040\000v\000i\000\040\000c\000h\000o\000\040\001\021\036\331\000i\000\040\000h\000\354\000n\000h\000\040\000c\000h\036\357\000\040\000V}{section.3.1}% 19
\BOOKMARK [1][-]{section.3.2}{\376\377\000T\000h\000i\036\277\000t\000\040\000k\036\277\000\040\001\021\001\260\036\335\000n\000g\000\040\001\021\000i\000\040\000b\000a\000o\000\040\000p\000h\036\347\000\040\000c\000h\000o\000\040\001\021\036\331\000i\000\040\000h\000\354\000n\000h\000\040\000c\000h\036\357\000\040\000V}{chapter.3}% 20
\BOOKMARK [0][-]{chapter.4}{\376\377\000E\000x\000p\000e\000r\000i\000m\000e\000n\000t}{}% 21
\BOOKMARK [1][-]{section.4.1}{\376\377\001\020\001\260\036\335\000n\000g\000\040\001\021\000i\000\040\000b\000a\000o\000\040\000p\000h\036\347}{chapter.4}% 22
\BOOKMARK [1][-]{section.4.2}{\376\377\001\020\001\260\036\335\000n\000g\000\040\000d\036\253\000n\000\040\000b\000a\000o\000\040\000p\000h\036\347\000\040\000t\036\321\000i\000\040\001\260\000u}{chapter.4}% 23
\BOOKMARK [1][-]{section.4.3}{\376\377\000C\000h\000i\036\277\000n\000\040\000l\001\260\036\343\000c\000\040\000b\000a\000o\000\040\000p\000h\036\347\000\040\001\021\000a\000\040\000r\000o\000b\000o\000t\000\040\000v\036\333\000i\000\040\001\021\036\331\000i\000\040\000h\000\354\000n\000h\000\040\000c\000h\036\357\000\040\000V}{chapter.4}% 24
\BOOKMARK [2][-]{subsection.4.3.1}{\376\377\000T\000\354\000m\000\040\000c\000\341\000c\000\040\000c\036\267\000p\000\040\000c\036\241\000n\000h\000\040\001\021\036\321\000i\000\040\001\021\036\311\000n\000h}{section.4.3}% 25
\BOOKMARK [2][-]{subsection.4.3.2}{\376\377\000T\000\355\000n\000h\000\040\000t\000o\000\341\000n\000\040\001\021\001\260\036\335\000n\000g\000\040\001\021\000i\000\040\000t\036\321\000t\000\040\000n\000h\036\245\000t\000\040\000c\000h\000o\000\040\000t\036\353\000n\000g\000\040\000c\036\267\000p\000\040\001\021\036\321\000i\000\040\000c\036\361\000c}{section.4.3}% 26
\BOOKMARK [2][-]{subsection.4.3.3}{\376\377\000C\000h\036\315\000n\000\040\000m\036\331\000t\000\040\001\021\001\260\036\335\000n\000g\000\040\001\021\000i\000\040\000t\036\321\000i\000\040\001\260\000u\000\040\000t\036\353\000\040\000t\036\245\000t\000\040\000c\036\243\000\040\000c\000\341\000c\000\040\001\021\001\260\036\335\000n\000g\000\040\001\021\000i\000\040\000c\036\347\000a\000\040\000c\000\341\000c\000\040\000c\036\267\000p\000\040\001\021\036\321\000i\000\040\000c\036\361\000c}{section.4.3}% 27
\BOOKMARK [0][-]{chapter*.28}{\376\377\000C\000o\000n\000c\000l\000u\000s\000i\000o\000n\000s}{}% 28
\BOOKMARK [1][-]{section.4.4}{\376\377\000M\000\364\000\040\000p\000h\036\317\000n\000g\000\040\000t\036\241\000o\000\040\001\021\001\260\036\335\000n\000g\000\040\001\021\000i\000\040\000b\000a\000o\000\040\000p\000h\036\347}{chapter*.28}% 29
\BOOKMARK [1][-]{section.4.5}{\376\377\000T\000h\000\355\000\040\000n\000g\000h\000i\036\307\000m\000\040\000v\036\333\000i\000\040\000m\000\364\000\040\000h\000\354\000n\000h\000\040\000r\000o\000b\000o\000t\000\040\000l\000\340\000\040\000c\000\341\000c\000\040\000c\000h\036\245\000t\000\040\001\021\000i\036\303\000m\000\040\000t\000r\000o\000n\000g\000\040\000k\000h\000\364\000n\000g\000\040\000g\000i\000a\000n\000\040\0003\000D}{chapter*.28}% 30
